<?xml version="1.0" encoding="UTF-8"?>
<!-- Generated by org.testng.reporters.JUnitReportReporter -->
<testsuite hostname="DESKTOP-VI3Q0U3" failures="0" tests="1" name="org.signitonline.testcase.SendDocket" time="61.502" errors="0" timestamp="2023-12-07T13:26:48 IST" skipped="0">
  <testcase classname="org.signitonline.testcase.SendDocket" name="sendDocket_usingPDF" time="61.502"/>
  <system-out/>
</testsuite> <!-- org.signitonline.testcase.SendDocket -->
