<?xml version="1.0" encoding="UTF-8"?>
<!-- Generated by org.testng.reporters.JUnitReportReporter -->
<testsuite hostname="DESKTOP-VI3Q0U3" failures="0" tests="1" name="org.signitonline.testcase.SendDocket_usingTemplate" time="55.048" errors="0" timestamp="2023-12-07T13:24:42 IST" skipped="0">
  <testcase classname="org.signitonline.testcase.SendDocket_usingTemplate" name="sendDocket" time="55.048"/>
  <system-out/>
</testsuite> <!-- org.signitonline.testcase.SendDocket_usingTemplate -->
