<?xml version="1.0" encoding="UTF-8"?>
<!-- Generated by org.testng.reporters.JUnitReportReporter -->
<testsuite hostname="DESKTOP-VI3Q0U3" failures="0" tests="1" name="org.signitonline.testcase.CreateTemplate" time="47.615" errors="0" timestamp="2023-05-13T18:03:28 IST" skipped="0">
  <testcase classname="org.signitonline.testcase.CreateTemplate" name="createTemplate" time="47.615"/>
  <system-out/>
</testsuite> <!-- org.signitonline.testcase.CreateTemplate -->
