<?xml version="1.0" encoding="UTF-8"?>
<!-- Generated by org.testng.reporters.JUnitReportReporter -->
<testsuite hostname="DESKTOP-VI3Q0U3" failures="0" tests="1" name="org.signitonline.testcase.ArchiveDocket" time="23.001" errors="0" timestamp="2023-12-07T13:55:27 IST" skipped="0">
  <testcase classname="org.signitonline.testcase.ArchiveDocket" name="archiveDocket" time="23.001"/>
  <system-out/>
</testsuite> <!-- org.signitonline.testcase.ArchiveDocket -->
