<?xml version="1.0" encoding="UTF-8"?>
<!-- Generated by org.testng.reporters.JUnitReportReporter -->
<testsuite hostname="DESKTOP-VI3Q0U3" failures="0" tests="1" name="org.signitonline.testcase.TopMenuItems" time="37.377" errors="0" timestamp="2023-12-04T15:32:44 IST" skipped="0">
  <testcase classname="org.signitonline.testcase.TopMenuItems" name="topMenuItems" time="37.377"/>
  <system-out/>
</testsuite> <!-- org.signitonline.testcase.TopMenuItems -->
