<?xml version="1.0" encoding="UTF-8"?>
<!-- Generated by org.testng.reporters.JUnitReportReporter -->
<testsuite hostname="DESKTOP-VI3Q0U3" failures="0" tests="1" name="org.signitonline.testcase.Resend_Docket" time="128.223" errors="0" timestamp="2023-12-07T14:14:59 IST" skipped="0">
  <testcase classname="org.signitonline.testcase.Resend_Docket" name="resend_docket_fun" time="128.223"/>
  <system-out>
    <![CDATA[Land on SignIt Online Dashboard]]>
  </system-out>
</testsuite> <!-- org.signitonline.testcase.Resend_Docket -->
