<?xml version="1.0" encoding="UTF-8"?>
<!-- Generated by org.testng.reporters.JUnitReportReporter -->
<testsuite hostname="DESKTOP-VI3Q0U3" failures="0" tests="1" name="org.signitonline.testcase.LibrarySection" time="112.502" errors="0" timestamp="2023-12-04T15:48:52 IST" skipped="0">
  <testcase classname="org.signitonline.testcase.LibrarySection" name="librarySection" time="112.502"/>
  <system-out/>
</testsuite> <!-- org.signitonline.testcase.LibrarySection -->
