<?xml version="1.0" encoding="UTF-8"?>
<!-- Generated by org.testng.reporters.JUnitReportReporter -->
<testsuite hostname="DESKTOP-VI3Q0U3" failures="0" tests="1" name="org.signitonline.testcase.LoginTest1" time="15.941" errors="0" timestamp="2023-04-28T14:26:00 IST" skipped="0">
  <testcase classname="org.signitonline.testcase.LoginTest1" name="loginTest1" time="15.941"/>
  <system-out/>
</testsuite> <!-- org.signitonline.testcase.LoginTest1 -->
